<?xml version="1.0" encoding="UTF-8"?>
<!-- Generated by org.testng.reporters.JUnitXMLReporter -->
<testsuite ignored="0" hostname="LAPTOP-DUJFBR3O" failures="1" tests="3" name="Edge on macOS Ventura" time="155.2" errors="0" timestamp="2025-02-28T09:49:36 IST">
  <testcase classname="seleniumPKG.mac_Edge_Selenium" name="testSimpleFormDemo" time="7.433"/>
  <testcase classname="seleniumPKG.mac_Edge_Selenium" name="testDragAndDropSlider" time="5.087"/>
  <testcase classname="seleniumPKG.mac_Edge_Selenium" name="testInputFormSubmit" time="4.453">
    <failure type="java.lang.AssertionError" message="expected [Please fill out this field.] but found [Please fill in this field.]">
      <![CDATA[java.lang.AssertionError: expected [Please fill out this field.] but found [Please fill in this field.]
at seleniumPKG.mac_Edge_Selenium.testInputFormSubmit(mac_Edge_Selenium.java:112)
at java.base/java.util.concurrent.FutureTask.run(FutureTask.java:317)
at java.base/java.util.concurrent.ThreadPoolExecutor.runWorker(ThreadPoolExecutor.java:1144)
at java.base/java.util.concurrent.ThreadPoolExecutor$Worker.run(ThreadPoolExecutor.java:642)
at java.base/java.lang.Thread.run(Thread.java:1583)
... Removed 12 stack frames]]>
    </failure>
  </testcase> <!-- testInputFormSubmit -->
</testsuite> <!-- Edge on macOS Ventura -->
