<?xml version="1.0" encoding="UTF-8"?>
<!-- Generated by org.testng.reporters.JUnitXMLReporter -->
<testsuite ignored="0" hostname="LAPTOP-DUJFBR3O" failures="3" tests="3" name="Internet Explorer on Windows 10" time="238.13" errors="0" timestamp="2025-02-28T09:50:59 IST">
  <testcase classname="seleniumPKG.windows_10_IE_Selenium" name="testSimpleFormDemo" time="7.331">
    <failure type="java.lang.AssertionError" message="expected [Welcome to LambdaTest] but found []">
      <![CDATA[java.lang.AssertionError: expected [Welcome to LambdaTest] but found []
at seleniumPKG.windows_10_IE_Selenium.testSimpleFormDemo(windows_10_IE_Selenium.java:76)
at java.base/java.util.concurrent.FutureTask.run(FutureTask.java:317)
at java.base/java.util.concurrent.ThreadPoolExecutor.runWorker(ThreadPoolExecutor.java:1144)
at java.base/java.util.concurrent.ThreadPoolExecutor$Worker.run(ThreadPoolExecutor.java:642)
at java.base/java.lang.Thread.run(Thread.java:1583)
... Removed 12 stack frames]]>
    </failure>
  </testcase> <!-- testSimpleFormDemo -->
  <testcase classname="seleniumPKG.windows_10_IE_Selenium" name="testDragAndDropSlider" time="6.239">
    <failure type="java.lang.AssertionError" message="expected [95] but found [15]">
      <![CDATA[java.lang.AssertionError: expected [95] but found [15]
at seleniumPKG.windows_10_IE_Selenium.testDragAndDropSlider(windows_10_IE_Selenium.java:92)
at java.base/java.util.concurrent.FutureTask.run(FutureTask.java:317)
at java.base/java.util.concurrent.ThreadPoolExecutor.runWorker(ThreadPoolExecutor.java:1144)
at java.base/java.util.concurrent.ThreadPoolExecutor$Worker.run(ThreadPoolExecutor.java:642)
at java.base/java.lang.Thread.run(Thread.java:1583)
... Removed 12 stack frames]]>
    </failure>
  </testcase> <!-- testDragAndDropSlider -->
  <testcase classname="seleniumPKG.windows_10_IE_Selenium" name="testInputFormSubmit" time="6.417">
    <failure type="java.lang.AssertionError" message="expected [Please fill out this field.] but found [This is a required field]">
      <![CDATA[java.lang.AssertionError: expected [Please fill out this field.] but found [This is a required field]
at seleniumPKG.windows_10_IE_Selenium.testInputFormSubmit(windows_10_IE_Selenium.java:108)
at java.base/java.util.concurrent.FutureTask.run(FutureTask.java:317)
at java.base/java.util.concurrent.ThreadPoolExecutor.runWorker(ThreadPoolExecutor.java:1144)
at java.base/java.util.concurrent.ThreadPoolExecutor$Worker.run(ThreadPoolExecutor.java:642)
at java.base/java.lang.Thread.run(Thread.java:1583)
... Removed 12 stack frames]]>
    </failure>
  </testcase> <!-- testInputFormSubmit -->
</testsuite> <!-- Internet Explorer on Windows 10 -->
