<?xml version="1.0" encoding="UTF-8"?>
<testng-results ignored="0" total="12" passed="8" failed="4" skipped="0">
  <reporter-output>
  </reporter-output>
  <suite started-at="2025-02-28T09:47:01 IST" name="LT_Selenium" finished-at="2025-02-28T09:50:59 IST" duration-ms="238130">
    <groups>
    </groups>
    <test started-at="2025-02-28T09:47:01 IST" name="Edge on macOS Ventura" finished-at="2025-02-28T09:49:36 IST" duration-ms="155200">
      <class name="seleniumPKG.mac_Edge_Selenium">
        <test-method is-config="true" signature="setUp(java.lang.String,java.lang.String,java.lang.String,java.lang.String)[pri:0, instance:seleniumPKG.mac_Edge_Selenium@7c7a06ec]" started-at="2025-02-28T09:47:01 IST" name="setUp" finished-at="2025-02-28T09:48:20 IST" duration-ms="78793" status="PASS">
          <params>
            <param index="0">
              <value>
                <![CDATA[127.0]]>
              </value>
            </param>
            <param index="1">
              <value>
                <![CDATA[macOS Ventura]]>
              </value>
            </param>
            <param index="2">
              <value>
                <![CDATA[monika_ghube]]>
              </value>
            </param>
            <param index="3">
              <value>
                <![CDATA[Yy8A7hMsRd5mIcz3UxVM7WfpP2QqdlZE92DgySGiEIcPpAIxSW]]>
              </value>
            </param>
          </params>
          <reporter-output>
          </reporter-output>
        </test-method> <!-- setUp -->
        <test-method signature="testSimpleFormDemo()[pri:1, instance:seleniumPKG.mac_Edge_Selenium@7c7a06ec]" started-at="2025-02-28T09:48:20 IST" name="testSimpleFormDemo" finished-at="2025-02-28T09:48:27 IST" duration-ms="7433" status="PASS">
          <reporter-output>
          </reporter-output>
        </test-method> <!-- testSimpleFormDemo -->
        <test-method is-config="true" signature="tearDown()[pri:0, instance:seleniumPKG.mac_Edge_Selenium@7c7a06ec]" started-at="2025-02-28T09:48:27 IST" name="tearDown" finished-at="2025-02-28T09:48:27 IST" duration-ms="180" status="PASS">
          <reporter-output>
          </reporter-output>
        </test-method> <!-- tearDown -->
        <test-method is-config="true" signature="setUp(java.lang.String,java.lang.String,java.lang.String,java.lang.String)[pri:0, instance:seleniumPKG.mac_Edge_Selenium@7c7a06ec]" started-at="2025-02-28T09:48:27 IST" name="setUp" finished-at="2025-02-28T09:49:01 IST" duration-ms="33810" status="PASS">
          <params>
            <param index="0">
              <value>
                <![CDATA[127.0]]>
              </value>
            </param>
            <param index="1">
              <value>
                <![CDATA[macOS Ventura]]>
              </value>
            </param>
            <param index="2">
              <value>
                <![CDATA[monika_ghube]]>
              </value>
            </param>
            <param index="3">
              <value>
                <![CDATA[Yy8A7hMsRd5mIcz3UxVM7WfpP2QqdlZE92DgySGiEIcPpAIxSW]]>
              </value>
            </param>
          </params>
          <reporter-output>
          </reporter-output>
        </test-method> <!-- setUp -->
        <test-method signature="testDragAndDropSlider()[pri:2, instance:seleniumPKG.mac_Edge_Selenium@7c7a06ec]" started-at="2025-02-28T09:49:01 IST" name="testDragAndDropSlider" finished-at="2025-02-28T09:49:06 IST" duration-ms="5087" status="PASS">
          <reporter-output>
          </reporter-output>
        </test-method> <!-- testDragAndDropSlider -->
        <test-method is-config="true" signature="tearDown()[pri:0, instance:seleniumPKG.mac_Edge_Selenium@7c7a06ec]" started-at="2025-02-28T09:49:06 IST" name="tearDown" finished-at="2025-02-28T09:49:06 IST" duration-ms="178" status="PASS">
          <reporter-output>
          </reporter-output>
        </test-method> <!-- tearDown -->
        <test-method is-config="true" signature="setUp(java.lang.String,java.lang.String,java.lang.String,java.lang.String)[pri:0, instance:seleniumPKG.mac_Edge_Selenium@7c7a06ec]" started-at="2025-02-28T09:49:06 IST" name="setUp" finished-at="2025-02-28T09:49:31 IST" duration-ms="24785" status="PASS">
          <params>
            <param index="0">
              <value>
                <![CDATA[127.0]]>
              </value>
            </param>
            <param index="1">
              <value>
                <![CDATA[macOS Ventura]]>
              </value>
            </param>
            <param index="2">
              <value>
                <![CDATA[monika_ghube]]>
              </value>
            </param>
            <param index="3">
              <value>
                <![CDATA[Yy8A7hMsRd5mIcz3UxVM7WfpP2QqdlZE92DgySGiEIcPpAIxSW]]>
              </value>
            </param>
          </params>
          <reporter-output>
          </reporter-output>
        </test-method> <!-- setUp -->
        <test-method signature="testInputFormSubmit()[pri:3, instance:seleniumPKG.mac_Edge_Selenium@7c7a06ec]" started-at="2025-02-28T09:49:31 IST" name="testInputFormSubmit" finished-at="2025-02-28T09:49:36 IST" duration-ms="4453" status="FAIL">
          <exception class="java.lang.AssertionError">
            <message>
              <![CDATA[expected [Please fill out this field.] but found [Please fill in this field.]]]>
            </message>
            <full-stacktrace>
              <![CDATA[java.lang.AssertionError: expected [Please fill out this field.] but found [Please fill in this field.]
at org.testng.Assert.fail(Assert.java:110)
at org.testng.Assert.failNotEquals(Assert.java:1577)
at org.testng.Assert.assertEqualsImpl(Assert.java:149)
at org.testng.Assert.assertEquals(Assert.java:131)
at org.testng.Assert.assertEquals(Assert.java:655)
at org.testng.Assert.assertEquals(Assert.java:665)
at seleniumPKG.mac_Edge_Selenium.testInputFormSubmit(mac_Edge_Selenium.java:112)
at java.base/jdk.internal.reflect.DirectMethodHandleAccessor.invoke(DirectMethodHandleAccessor.java:103)
at java.base/java.lang.reflect.Method.invoke(Method.java:580)
at org.testng.internal.invokers.MethodInvocationHelper.invokeMethod(MethodInvocationHelper.java:139)
at org.testng.internal.invokers.InvokeMethodRunnable.runOne(InvokeMethodRunnable.java:47)
at org.testng.internal.invokers.InvokeMethodRunnable.call(InvokeMethodRunnable.java:76)
at org.testng.internal.invokers.InvokeMethodRunnable.call(InvokeMethodRunnable.java:11)
at java.base/java.util.concurrent.FutureTask.run(FutureTask.java:317)
at java.base/java.util.concurrent.ThreadPoolExecutor.runWorker(ThreadPoolExecutor.java:1144)
at java.base/java.util.concurrent.ThreadPoolExecutor$Worker.run(ThreadPoolExecutor.java:642)
at java.base/java.lang.Thread.run(Thread.java:1583)
]]>
            </full-stacktrace>
          </exception> <!-- java.lang.AssertionError -->
          <reporter-output>
          </reporter-output>
        </test-method> <!-- testInputFormSubmit -->
        <test-method is-config="true" signature="tearDown()[pri:0, instance:seleniumPKG.mac_Edge_Selenium@7c7a06ec]" started-at="2025-02-28T09:49:36 IST" name="tearDown" finished-at="2025-02-28T09:49:36 IST" duration-ms="406" status="PASS">
          <reporter-output>
          </reporter-output>
        </test-method> <!-- tearDown -->
      </class> <!-- seleniumPKG.mac_Edge_Selenium -->
    </test> <!-- Edge on macOS Ventura -->
    <test started-at="2025-02-28T09:47:01 IST" name="Chrome on Windows 10" finished-at="2025-02-28T09:50:33 IST" duration-ms="212320">
      <class name="seleniumPKG.window_10_Chrome_Selenium">
        <test-method is-config="true" signature="setUp(java.lang.String,java.lang.String,java.lang.String,java.lang.String)[pri:0, instance:seleniumPKG.window_10_Chrome_Selenium@49ec71f8]" started-at="2025-02-28T09:47:01 IST" name="setUp" finished-at="2025-02-28T09:48:42 IST" duration-ms="100714" status="PASS">
          <params>
            <param index="0">
              <value>
                <![CDATA[128.0]]>
              </value>
            </param>
            <param index="1">
              <value>
                <![CDATA[Windows 10]]>
              </value>
            </param>
            <param index="2">
              <value>
                <![CDATA[monika_ghube]]>
              </value>
            </param>
            <param index="3">
              <value>
                <![CDATA[Yy8A7hMsRd5mIcz3UxVM7WfpP2QqdlZE92DgySGiEIcPpAIxSW]]>
              </value>
            </param>
          </params>
          <reporter-output>
          </reporter-output>
        </test-method> <!-- setUp -->
        <test-method signature="testSimpleFormDemo()[pri:1, instance:seleniumPKG.window_10_Chrome_Selenium@49ec71f8]" started-at="2025-02-28T09:48:42 IST" name="testSimpleFormDemo" finished-at="2025-02-28T09:48:46 IST" duration-ms="4952" status="PASS">
          <reporter-output>
          </reporter-output>
        </test-method> <!-- testSimpleFormDemo -->
        <test-method is-config="true" signature="tearDown()[pri:0, instance:seleniumPKG.window_10_Chrome_Selenium@49ec71f8]" started-at="2025-02-28T09:48:46 IST" name="tearDown" finished-at="2025-02-28T09:48:47 IST" duration-ms="117" status="PASS">
          <reporter-output>
          </reporter-output>
        </test-method> <!-- tearDown -->
        <test-method is-config="true" signature="setUp(java.lang.String,java.lang.String,java.lang.String,java.lang.String)[pri:0, instance:seleniumPKG.window_10_Chrome_Selenium@49ec71f8]" started-at="2025-02-28T09:48:47 IST" name="setUp" finished-at="2025-02-28T09:49:51 IST" duration-ms="64032" status="PASS">
          <params>
            <param index="0">
              <value>
                <![CDATA[128.0]]>
              </value>
            </param>
            <param index="1">
              <value>
                <![CDATA[Windows 10]]>
              </value>
            </param>
            <param index="2">
              <value>
                <![CDATA[monika_ghube]]>
              </value>
            </param>
            <param index="3">
              <value>
                <![CDATA[Yy8A7hMsRd5mIcz3UxVM7WfpP2QqdlZE92DgySGiEIcPpAIxSW]]>
              </value>
            </param>
          </params>
          <reporter-output>
          </reporter-output>
        </test-method> <!-- setUp -->
        <test-method signature="testDragAndDropSlider()[pri:2, instance:seleniumPKG.window_10_Chrome_Selenium@49ec71f8]" started-at="2025-02-28T09:49:51 IST" name="testDragAndDropSlider" finished-at="2025-02-28T09:49:57 IST" duration-ms="5881" status="PASS">
          <reporter-output>
          </reporter-output>
        </test-method> <!-- testDragAndDropSlider -->
        <test-method is-config="true" signature="tearDown()[pri:0, instance:seleniumPKG.window_10_Chrome_Selenium@49ec71f8]" started-at="2025-02-28T09:49:57 IST" name="tearDown" finished-at="2025-02-28T09:49:57 IST" duration-ms="158" status="PASS">
          <reporter-output>
          </reporter-output>
        </test-method> <!-- tearDown -->
        <test-method is-config="true" signature="setUp(java.lang.String,java.lang.String,java.lang.String,java.lang.String)[pri:0, instance:seleniumPKG.window_10_Chrome_Selenium@49ec71f8]" started-at="2025-02-28T09:49:57 IST" name="setUp" finished-at="2025-02-28T09:50:22 IST" duration-ms="25077" status="PASS">
          <params>
            <param index="0">
              <value>
                <![CDATA[128.0]]>
              </value>
            </param>
            <param index="1">
              <value>
                <![CDATA[Windows 10]]>
              </value>
            </param>
            <param index="2">
              <value>
                <![CDATA[monika_ghube]]>
              </value>
            </param>
            <param index="3">
              <value>
                <![CDATA[Yy8A7hMsRd5mIcz3UxVM7WfpP2QqdlZE92DgySGiEIcPpAIxSW]]>
              </value>
            </param>
          </params>
          <reporter-output>
          </reporter-output>
        </test-method> <!-- setUp -->
        <test-method signature="testInputFormSubmit()[pri:3, instance:seleniumPKG.window_10_Chrome_Selenium@49ec71f8]" started-at="2025-02-28T09:50:22 IST" name="testInputFormSubmit" finished-at="2025-02-28T09:50:33 IST" duration-ms="10813" status="PASS">
          <reporter-output>
          </reporter-output>
        </test-method> <!-- testInputFormSubmit -->
        <test-method is-config="true" signature="tearDown()[pri:0, instance:seleniumPKG.window_10_Chrome_Selenium@49ec71f8]" started-at="2025-02-28T09:50:33 IST" name="tearDown" finished-at="2025-02-28T09:50:33 IST" duration-ms="506" status="PASS">
          <reporter-output>
          </reporter-output>
        </test-method> <!-- tearDown -->
      </class> <!-- seleniumPKG.window_10_Chrome_Selenium -->
    </test> <!-- Chrome on Windows 10 -->
    <test started-at="2025-02-28T09:47:01 IST" name="Firefox on Windows 11" finished-at="2025-02-28T09:50:49 IST" duration-ms="228365">
      <class name="seleniumPKG.window_10_FFox_Selenium">
        <test-method is-config="true" signature="setUp(java.lang.String,java.lang.String,java.lang.String,java.lang.String)[pri:0, instance:seleniumPKG.window_10_FFox_Selenium@36ebc363]" started-at="2025-02-28T09:47:01 IST" name="setUp" finished-at="2025-02-28T09:48:32 IST" duration-ms="91681" status="PASS">
          <params>
            <param index="0">
              <value>
                <![CDATA[latest]]>
              </value>
            </param>
            <param index="1">
              <value>
                <![CDATA[Windows 11]]>
              </value>
            </param>
            <param index="2">
              <value>
                <![CDATA[monika_ghube]]>
              </value>
            </param>
            <param index="3">
              <value>
                <![CDATA[Yy8A7hMsRd5mIcz3UxVM7WfpP2QqdlZE92DgySGiEIcPpAIxSW]]>
              </value>
            </param>
          </params>
          <reporter-output>
          </reporter-output>
        </test-method> <!-- setUp -->
        <test-method signature="testSimpleFormDemo()[pri:1, instance:seleniumPKG.window_10_FFox_Selenium@36ebc363]" started-at="2025-02-28T09:48:32 IST" name="testSimpleFormDemo" finished-at="2025-02-28T09:48:47 IST" duration-ms="14671" status="PASS">
          <reporter-output>
          </reporter-output>
        </test-method> <!-- testSimpleFormDemo -->
        <test-method is-config="true" signature="tearDown()[pri:0, instance:seleniumPKG.window_10_FFox_Selenium@36ebc363]" started-at="2025-02-28T09:48:47 IST" name="tearDown" finished-at="2025-02-28T09:48:49 IST" duration-ms="2166" status="PASS">
          <reporter-output>
          </reporter-output>
        </test-method> <!-- tearDown -->
        <test-method is-config="true" signature="setUp(java.lang.String,java.lang.String,java.lang.String,java.lang.String)[pri:0, instance:seleniumPKG.window_10_FFox_Selenium@36ebc363]" started-at="2025-02-28T09:48:49 IST" name="setUp" finished-at="2025-02-28T09:49:27 IST" duration-ms="37686" status="PASS">
          <params>
            <param index="0">
              <value>
                <![CDATA[latest]]>
              </value>
            </param>
            <param index="1">
              <value>
                <![CDATA[Windows 11]]>
              </value>
            </param>
            <param index="2">
              <value>
                <![CDATA[monika_ghube]]>
              </value>
            </param>
            <param index="3">
              <value>
                <![CDATA[Yy8A7hMsRd5mIcz3UxVM7WfpP2QqdlZE92DgySGiEIcPpAIxSW]]>
              </value>
            </param>
          </params>
          <reporter-output>
          </reporter-output>
        </test-method> <!-- setUp -->
        <test-method signature="testDragAndDropSlider()[pri:2, instance:seleniumPKG.window_10_FFox_Selenium@36ebc363]" started-at="2025-02-28T09:49:27 IST" name="testDragAndDropSlider" finished-at="2025-02-28T09:49:39 IST" duration-ms="11572" status="PASS">
          <reporter-output>
          </reporter-output>
        </test-method> <!-- testDragAndDropSlider -->
        <test-method is-config="true" signature="tearDown()[pri:0, instance:seleniumPKG.window_10_FFox_Selenium@36ebc363]" started-at="2025-02-28T09:49:39 IST" name="tearDown" finished-at="2025-02-28T09:49:41 IST" duration-ms="2479" status="PASS">
          <reporter-output>
          </reporter-output>
        </test-method> <!-- tearDown -->
        <test-method is-config="true" signature="setUp(java.lang.String,java.lang.String,java.lang.String,java.lang.String)[pri:0, instance:seleniumPKG.window_10_FFox_Selenium@36ebc363]" started-at="2025-02-28T09:49:41 IST" name="setUp" finished-at="2025-02-28T09:50:26 IST" duration-ms="45010" status="PASS">
          <params>
            <param index="0">
              <value>
                <![CDATA[latest]]>
              </value>
            </param>
            <param index="1">
              <value>
                <![CDATA[Windows 11]]>
              </value>
            </param>
            <param index="2">
              <value>
                <![CDATA[monika_ghube]]>
              </value>
            </param>
            <param index="3">
              <value>
                <![CDATA[Yy8A7hMsRd5mIcz3UxVM7WfpP2QqdlZE92DgySGiEIcPpAIxSW]]>
              </value>
            </param>
          </params>
          <reporter-output>
          </reporter-output>
        </test-method> <!-- setUp -->
        <test-method signature="testInputFormSubmit()[pri:3, instance:seleniumPKG.window_10_FFox_Selenium@36ebc363]" started-at="2025-02-28T09:50:26 IST" name="testInputFormSubmit" finished-at="2025-02-28T09:50:47 IST" duration-ms="20703" status="PASS">
          <reporter-output>
          </reporter-output>
        </test-method> <!-- testInputFormSubmit -->
        <test-method is-config="true" signature="tearDown()[pri:0, instance:seleniumPKG.window_10_FFox_Selenium@36ebc363]" started-at="2025-02-28T09:50:47 IST" name="tearDown" finished-at="2025-02-28T09:50:49 IST" duration-ms="2329" status="PASS">
          <reporter-output>
          </reporter-output>
        </test-method> <!-- tearDown -->
      </class> <!-- seleniumPKG.window_10_FFox_Selenium -->
    </test> <!-- Firefox on Windows 11 -->
    <test started-at="2025-02-28T09:47:01 IST" name="Internet Explorer on Windows 10" finished-at="2025-02-28T09:50:59 IST" duration-ms="238130">
      <class name="seleniumPKG.windows_10_IE_Selenium">
        <test-method is-config="true" signature="setUp(java.lang.String,java.lang.String,java.lang.String,java.lang.String)[pri:0, instance:seleniumPKG.windows_10_IE_Selenium@6c6cb480]" started-at="2025-02-28T09:47:01 IST" name="setUp" finished-at="2025-02-28T09:49:06 IST" duration-ms="124740" status="PASS">
          <params>
            <param index="0">
              <value>
                <![CDATA[latest]]>
              </value>
            </param>
            <param index="1">
              <value>
                <![CDATA[Windows 10]]>
              </value>
            </param>
            <param index="2">
              <value>
                <![CDATA[monika_ghube]]>
              </value>
            </param>
            <param index="3">
              <value>
                <![CDATA[Yy8A7hMsRd5mIcz3UxVM7WfpP2QqdlZE92DgySGiEIcPpAIxSW]]>
              </value>
            </param>
          </params>
          <reporter-output>
          </reporter-output>
        </test-method> <!-- setUp -->
        <test-method signature="testSimpleFormDemo()[pri:1, instance:seleniumPKG.windows_10_IE_Selenium@6c6cb480]" started-at="2025-02-28T09:49:06 IST" name="testSimpleFormDemo" finished-at="2025-02-28T09:49:13 IST" duration-ms="7331" status="FAIL">
          <exception class="java.lang.AssertionError">
            <message>
              <![CDATA[expected [Welcome to LambdaTest] but found []]]>
            </message>
            <full-stacktrace>
              <![CDATA[java.lang.AssertionError: expected [Welcome to LambdaTest] but found []
at org.testng.Assert.fail(Assert.java:110)
at org.testng.Assert.failNotEquals(Assert.java:1577)
at org.testng.Assert.assertEqualsImpl(Assert.java:149)
at org.testng.Assert.assertEquals(Assert.java:131)
at org.testng.Assert.assertEquals(Assert.java:655)
at org.testng.Assert.assertEquals(Assert.java:665)
at seleniumPKG.windows_10_IE_Selenium.testSimpleFormDemo(windows_10_IE_Selenium.java:76)
at java.base/jdk.internal.reflect.DirectMethodHandleAccessor.invoke(DirectMethodHandleAccessor.java:103)
at java.base/java.lang.reflect.Method.invoke(Method.java:580)
at org.testng.internal.invokers.MethodInvocationHelper.invokeMethod(MethodInvocationHelper.java:139)
at org.testng.internal.invokers.InvokeMethodRunnable.runOne(InvokeMethodRunnable.java:47)
at org.testng.internal.invokers.InvokeMethodRunnable.call(InvokeMethodRunnable.java:76)
at org.testng.internal.invokers.InvokeMethodRunnable.call(InvokeMethodRunnable.java:11)
at java.base/java.util.concurrent.FutureTask.run(FutureTask.java:317)
at java.base/java.util.concurrent.ThreadPoolExecutor.runWorker(ThreadPoolExecutor.java:1144)
at java.base/java.util.concurrent.ThreadPoolExecutor$Worker.run(ThreadPoolExecutor.java:642)
at java.base/java.lang.Thread.run(Thread.java:1583)
]]>
            </full-stacktrace>
          </exception> <!-- java.lang.AssertionError -->
          <reporter-output>
          </reporter-output>
        </test-method> <!-- testSimpleFormDemo -->
        <test-method is-config="true" signature="tearDown()[pri:0, instance:seleniumPKG.windows_10_IE_Selenium@6c6cb480]" started-at="2025-02-28T09:49:13 IST" name="tearDown" finished-at="2025-02-28T09:49:13 IST" duration-ms="115" status="PASS">
          <reporter-output>
          </reporter-output>
        </test-method> <!-- tearDown -->
        <test-method is-config="true" signature="setUp(java.lang.String,java.lang.String,java.lang.String,java.lang.String)[pri:0, instance:seleniumPKG.windows_10_IE_Selenium@6c6cb480]" started-at="2025-02-28T09:49:13 IST" name="setUp" finished-at="2025-02-28T09:49:53 IST" duration-ms="40036" status="PASS">
          <params>
            <param index="0">
              <value>
                <![CDATA[latest]]>
              </value>
            </param>
            <param index="1">
              <value>
                <![CDATA[Windows 10]]>
              </value>
            </param>
            <param index="2">
              <value>
                <![CDATA[monika_ghube]]>
              </value>
            </param>
            <param index="3">
              <value>
                <![CDATA[Yy8A7hMsRd5mIcz3UxVM7WfpP2QqdlZE92DgySGiEIcPpAIxSW]]>
              </value>
            </param>
          </params>
          <reporter-output>
          </reporter-output>
        </test-method> <!-- setUp -->
        <test-method signature="testDragAndDropSlider()[pri:2, instance:seleniumPKG.windows_10_IE_Selenium@6c6cb480]" started-at="2025-02-28T09:49:53 IST" name="testDragAndDropSlider" finished-at="2025-02-28T09:49:59 IST" duration-ms="6239" status="FAIL">
          <exception class="java.lang.AssertionError">
            <message>
              <![CDATA[expected [95] but found [15]]]>
            </message>
            <full-stacktrace>
              <![CDATA[java.lang.AssertionError: expected [95] but found [15]
at org.testng.Assert.fail(Assert.java:110)
at org.testng.Assert.failNotEquals(Assert.java:1577)
at org.testng.Assert.assertEqualsImpl(Assert.java:149)
at org.testng.Assert.assertEquals(Assert.java:131)
at org.testng.Assert.assertEquals(Assert.java:655)
at org.testng.Assert.assertEquals(Assert.java:665)
at seleniumPKG.windows_10_IE_Selenium.testDragAndDropSlider(windows_10_IE_Selenium.java:92)
at java.base/jdk.internal.reflect.DirectMethodHandleAccessor.invoke(DirectMethodHandleAccessor.java:103)
at java.base/java.lang.reflect.Method.invoke(Method.java:580)
at org.testng.internal.invokers.MethodInvocationHelper.invokeMethod(MethodInvocationHelper.java:139)
at org.testng.internal.invokers.InvokeMethodRunnable.runOne(InvokeMethodRunnable.java:47)
at org.testng.internal.invokers.InvokeMethodRunnable.call(InvokeMethodRunnable.java:76)
at org.testng.internal.invokers.InvokeMethodRunnable.call(InvokeMethodRunnable.java:11)
at java.base/java.util.concurrent.FutureTask.run(FutureTask.java:317)
at java.base/java.util.concurrent.ThreadPoolExecutor.runWorker(ThreadPoolExecutor.java:1144)
at java.base/java.util.concurrent.ThreadPoolExecutor$Worker.run(ThreadPoolExecutor.java:642)
at java.base/java.lang.Thread.run(Thread.java:1583)
]]>
            </full-stacktrace>
          </exception> <!-- java.lang.AssertionError -->
          <reporter-output>
          </reporter-output>
        </test-method> <!-- testDragAndDropSlider -->
        <test-method is-config="true" signature="tearDown()[pri:0, instance:seleniumPKG.windows_10_IE_Selenium@6c6cb480]" started-at="2025-02-28T09:49:59 IST" name="tearDown" finished-at="2025-02-28T09:49:59 IST" duration-ms="139" status="PASS">
          <reporter-output>
          </reporter-output>
        </test-method> <!-- tearDown -->
        <test-method is-config="true" signature="setUp(java.lang.String,java.lang.String,java.lang.String,java.lang.String)[pri:0, instance:seleniumPKG.windows_10_IE_Selenium@6c6cb480]" started-at="2025-02-28T09:49:59 IST" name="setUp" finished-at="2025-02-28T09:50:52 IST" duration-ms="52923" status="PASS">
          <params>
            <param index="0">
              <value>
                <![CDATA[latest]]>
              </value>
            </param>
            <param index="1">
              <value>
                <![CDATA[Windows 10]]>
              </value>
            </param>
            <param index="2">
              <value>
                <![CDATA[monika_ghube]]>
              </value>
            </param>
            <param index="3">
              <value>
                <![CDATA[Yy8A7hMsRd5mIcz3UxVM7WfpP2QqdlZE92DgySGiEIcPpAIxSW]]>
              </value>
            </param>
          </params>
          <reporter-output>
          </reporter-output>
        </test-method> <!-- setUp -->
        <test-method signature="testInputFormSubmit()[pri:3, instance:seleniumPKG.windows_10_IE_Selenium@6c6cb480]" started-at="2025-02-28T09:50:52 IST" name="testInputFormSubmit" finished-at="2025-02-28T09:50:59 IST" duration-ms="6417" status="FAIL">
          <exception class="java.lang.AssertionError">
            <message>
              <![CDATA[expected [Please fill out this field.] but found [This is a required field]]]>
            </message>
            <full-stacktrace>
              <![CDATA[java.lang.AssertionError: expected [Please fill out this field.] but found [This is a required field]
at org.testng.Assert.fail(Assert.java:110)
at org.testng.Assert.failNotEquals(Assert.java:1577)
at org.testng.Assert.assertEqualsImpl(Assert.java:149)
at org.testng.Assert.assertEquals(Assert.java:131)
at org.testng.Assert.assertEquals(Assert.java:655)
at org.testng.Assert.assertEquals(Assert.java:665)
at seleniumPKG.windows_10_IE_Selenium.testInputFormSubmit(windows_10_IE_Selenium.java:108)
at java.base/jdk.internal.reflect.DirectMethodHandleAccessor.invoke(DirectMethodHandleAccessor.java:103)
at java.base/java.lang.reflect.Method.invoke(Method.java:580)
at org.testng.internal.invokers.MethodInvocationHelper.invokeMethod(MethodInvocationHelper.java:139)
at org.testng.internal.invokers.InvokeMethodRunnable.runOne(InvokeMethodRunnable.java:47)
at org.testng.internal.invokers.InvokeMethodRunnable.call(InvokeMethodRunnable.java:76)
at org.testng.internal.invokers.InvokeMethodRunnable.call(InvokeMethodRunnable.java:11)
at java.base/java.util.concurrent.FutureTask.run(FutureTask.java:317)
at java.base/java.util.concurrent.ThreadPoolExecutor.runWorker(ThreadPoolExecutor.java:1144)
at java.base/java.util.concurrent.ThreadPoolExecutor$Worker.run(ThreadPoolExecutor.java:642)
at java.base/java.lang.Thread.run(Thread.java:1583)
]]>
            </full-stacktrace>
          </exception> <!-- java.lang.AssertionError -->
          <reporter-output>
          </reporter-output>
        </test-method> <!-- testInputFormSubmit -->
        <test-method is-config="true" signature="tearDown()[pri:0, instance:seleniumPKG.windows_10_IE_Selenium@6c6cb480]" started-at="2025-02-28T09:50:59 IST" name="tearDown" finished-at="2025-02-28T09:50:59 IST" duration-ms="118" status="PASS">
          <reporter-output>
          </reporter-output>
        </test-method> <!-- tearDown -->
      </class> <!-- seleniumPKG.windows_10_IE_Selenium -->
    </test> <!-- Internet Explorer on Windows 10 -->
  </suite> <!-- LT_Selenium -->
</testng-results>
