<?xml version="1.0" encoding="UTF-8"?>
<!-- Generated by org.testng.reporters.JUnitReportReporter -->
<testsuite hostname="LAPTOP-DUJFBR3O" failures="1" tests="3" name="seleniumPKG.mac_Edge_Selenium" time="155.125" errors="0" timestamp="2025-02-28T09:50:59 IST" skipped="0">
  <testcase classname="seleniumPKG.mac_Edge_Selenium" name="testSimpleFormDemo" time="86.406"/>
  <system-out/>
  <testcase classname="seleniumPKG.mac_Edge_Selenium" name="testDragAndDropSlider" time="30.050"/>
  <system-out/>
  <testcase classname="seleniumPKG.mac_Edge_Selenium" name="testInputFormSubmit" time="38.669">
    <failure message="expected [Please fill out this field.] but found [Please fill in this field.]" type="java.lang.AssertionError">
      <![CDATA[java.lang.AssertionError: expected [Please fill out this field.] but found [Please fill in this field.]
at org.testng.Assert.fail(Assert.java:110)
at org.testng.Assert.failNotEquals(Assert.java:1577)
at org.testng.Assert.assertEqualsImpl(Assert.java:149)
at org.testng.Assert.assertEquals(Assert.java:131)
at org.testng.Assert.assertEquals(Assert.java:655)
at org.testng.Assert.assertEquals(Assert.java:665)
at seleniumPKG.mac_Edge_Selenium.testInputFormSubmit(mac_Edge_Selenium.java:112)
at java.base/jdk.internal.reflect.DirectMethodHandleAccessor.invoke(DirectMethodHandleAccessor.java:103)
at java.base/java.lang.reflect.Method.invoke(Method.java:580)
at org.testng.internal.invokers.MethodInvocationHelper.invokeMethod(MethodInvocationHelper.java:139)
at org.testng.internal.invokers.InvokeMethodRunnable.runOne(InvokeMethodRunnable.java:47)
at org.testng.internal.invokers.InvokeMethodRunnable.call(InvokeMethodRunnable.java:76)
at org.testng.internal.invokers.InvokeMethodRunnable.call(InvokeMethodRunnable.java:11)
at java.base/java.util.concurrent.FutureTask.run(FutureTask.java:317)
at java.base/java.util.concurrent.ThreadPoolExecutor.runWorker(ThreadPoolExecutor.java:1144)
at java.base/java.util.concurrent.ThreadPoolExecutor$Worker.run(ThreadPoolExecutor.java:642)
at java.base/java.lang.Thread.run(Thread.java:1583)
]]>
    </failure>
  </testcase> <!-- testInputFormSubmit -->
  <system-out/>
</testsuite> <!-- seleniumPKG.mac_Edge_Selenium -->
